[2023-07-31 12:53:14,114] {taskinstance.py:655} INFO - Dependencies all met for <TaskInstance: data_dag.fail 2023-07-23T00:00:00+00:00 [queued]>
[2023-07-31 12:53:14,133] {taskinstance.py:655} INFO - Dependencies all met for <TaskInstance: data_dag.fail 2023-07-23T00:00:00+00:00 [queued]>
[2023-07-31 12:53:14,133] {taskinstance.py:866} INFO - 
--------------------------------------------------------------------------------
[2023-07-31 12:53:14,134] {taskinstance.py:867} INFO - Starting attempt 1 of 1
[2023-07-31 12:53:14,134] {taskinstance.py:868} INFO - 
--------------------------------------------------------------------------------
[2023-07-31 12:53:14,142] {taskinstance.py:887} INFO - Executing <Task(BashOperator): fail> on 2023-07-23T00:00:00+00:00
[2023-07-31 12:53:14,145] {standard_task_runner.py:53} INFO - Started process 222 to run task
[2023-07-31 12:53:14,201] {logging_mixin.py:112} INFO - Running %s on host %s <TaskInstance: data_dag.fail 2023-07-23T00:00:00+00:00 [running]> 66e47f8f7cf9
[2023-07-31 12:53:14,226] {bash_operator.py:82} INFO - Tmp dir root location: 
 /tmp
[2023-07-31 12:53:14,227] {bash_operator.py:105} INFO - Temporary script location: /tmp/airflowtmp0va8j23n/failpa6gr2lk
[2023-07-31 12:53:14,227] {bash_operator.py:115} INFO - Running command: 
                valid=23
                if [ $(($valid % 2)) == 1 ]; then
                        exit 1
                else
                        exit 0
                fi
            
[2023-07-31 12:53:14,233] {bash_operator.py:122} INFO - Output:
[2023-07-31 12:53:14,234] {bash_operator.py:130} INFO - Command exited with return code 1
[2023-07-31 12:53:14,243] {taskinstance.py:1128} ERROR - Bash command failed
Traceback (most recent call last):
  File "/usr/local/lib/python3.7/site-packages/airflow/models/taskinstance.py", line 966, in _run_raw_task
    result = task_copy.execute(context=context)
  File "/usr/local/lib/python3.7/site-packages/airflow/operators/bash_operator.py", line 134, in execute
    raise AirflowException("Bash command failed")
airflow.exceptions.AirflowException: Bash command failed
[2023-07-31 12:53:14,245] {taskinstance.py:1185} INFO - Marking task as FAILED.dag_id=data_dag, task_id=fail, execution_date=20230723T000000, start_date=20230731T125314, end_date=20230731T125314
[2023-07-31 12:53:24,104] {logging_mixin.py:112} INFO - [2023-07-31 12:53:24,104] {local_task_job.py:103} INFO - Task exited with return code 1
